# JRE version: OpenJDK Runtime Environment (23.0.1+11) (build 23.0.1+11-39)
# Java VM: OpenJDK 64-Bit Server VM (23.0.1+11-39, mixed mode, sharing, tiered, compressed oops, compressed class ptrs, g1 gc, windows-amd64)
GC Precious Log:
 CardTable entry size: 512
 Card Set container configuration: InlinePtr #cards 5 size 8 Array Of Cards #cards 10 size 36 Howl #buckets 4 coarsen threshold 1843 Howl Bitmap #cards 512 size 80 coarsen threshold 460 Card regions per heap region 1 cards per card region 2048
 CPUs: 4 total, 4 available
 Memory: 3987M
 Large Page Support: Disabled
 NUMA Support: Disabled
 Compressed Oops: Enabled (32-bit)
 Heap Region Size: 1M
 Heap Min Capacity: 8M
 Heap Initial Capacity: 64M
 Heap Max Capacity: 998M
 Pre-touch: Disabled
 Parallel Workers: 4
 Concurrent Workers: 1
 Concurrent Refinement Workers: 4
 Periodic GC: Disabled
Heap:
 garbage-first heap   total reserved 1021952K, committed 137216K, used 90759K [0x00000000c1a00000, 0x0000000100000000)
  region size 1024K, 1 young (1024K), 1 survivors (1024K)
 Metaspace       used 78825K, committed 79872K, reserved 1179648K
  class space    used 11167K, committed 11584K, reserved 1048576K
GC Heap History (20 events):
Event: 33.754 GC heap after
{Heap after GC invocations=25 (full 0):
 garbage-first heap   total reserved 1021952K, committed 55296K, used 34497K [0x00000000c1a00000, 0x0000000100000000)
  region size 1024K, 3 young (3072K), 3 survivors (3072K)
 Metaspace       used 73185K, committed 73920K, reserved 1114112K
  class space    used 10160K, committed 10496K, reserved 1048576K
}
Event: 34.323 GC heap before
{Heap before GC invocations=25 (full 0):
 garbage-first heap   total reserved 1021952K, committed 55296K, used 47809K [0x00000000c1a00000, 0x0000000100000000)
  region size 1024K, 16 young (16384K), 3 survivors (3072K)
 Metaspace       used 75001K, committed 75776K, reserved 1114112K
  class space    used 10407K, committed 10752K, reserved 1048576K
}
Event: 34.339 GC heap after
{Heap after GC invocations=26 (full 0):
 garbage-first heap   total reserved 1021952K, committed 66560K, used 36035K [0x00000000c1a00000, 0x0000000100000000)
  region size 1024K, 2 young (2048K), 2 survivors (2048K)
 Metaspace       used 75001K, committed 75776K, reserved 1114112K
  class space    used 10407K, committed 10752K, reserved 1048576K
}
Event: 65.055 GC heap before
{Heap before GC invocations=27 (full 0):
 garbage-first heap   total reserved 1021952K, committed 66560K, used 59587K [0x00000000c1a00000, 0x0000000100000000)
  region size 1024K, 25 young (25600K), 2 survivors (2048K)
 Metaspace       used 76017K, committed 76736K, reserved 1179648K
  class space    used 10527K, committed 10816K, reserved 1048576K
}
Event: 65.075 GC heap after
{Heap after GC invocations=28 (full 0):
 garbage-first heap   total reserved 1021952K, committed 66560K, used 40682K [0x00000000c1a00000, 0x0000000100000000)
  region size 1024K, 4 young (4096K), 4 survivors (4096K)
 Metaspace       used 76017K, committed 76736K, reserved 1179648K
  class space    used 10527K, committed 10816K, reserved 1048576K
}
Event: 65.556 GC heap before
{Heap before GC invocations=28 (full 0):
 garbage-first heap   total reserved 1021952K, committed 66560K, used 57066K [0x00000000c1a00000, 0x0000000100000000)
  region size 1024K, 21 young (21504K), 4 survivors (4096K)
 Metaspace       used 76330K, committed 77056K, reserved 1179648K
  class space    used 10557K, committed 10880K, reserved 1048576K
}
Event: 65.591 GC heap after
{Heap after GC invocations=29 (full 0):
 garbage-first heap   total reserved 1021952K, committed 70656K, used 46754K [0x00000000c1a00000, 0x0000000100000000)
  region size 1024K, 3 young (3072K), 3 survivors (3072K)
 Metaspace       used 76330K, committed 77056K, reserved 1179648K
  class space    used 10557K, committed 10880K, reserved 1048576K
}
Event: 66.316 GC heap before
{Heap before GC invocations=29 (full 0):
 garbage-first heap   total reserved 1021952K, committed 70656K, used 60066K [0x00000000c1a00000, 0x0000000100000000)
  region size 1024K, 17 young (17408K), 3 survivors (3072K)
 Metaspace       used 76455K, committed 77184K, reserved 1179648K
  class space    used 10567K, committed 10880K, reserved 1048576K
}
Event: 66.334 GC heap after
{Heap after GC invocations=30 (full 0):
 garbage-first heap   total reserved 1021952K, committed 75776K, used 58207K [0x00000000c1a00000, 0x0000000100000000)
  region size 1024K, 3 young (3072K), 3 survivors (3072K)
 Metaspace       used 76455K, committed 77184K, reserved 1179648K
  class space    used 10567K, committed 10880K, reserved 1048576K
}
Event: 67.157 GC heap before
{Heap before GC invocations=31 (full 0):
 garbage-first heap   total reserved 1021952K, committed 97280K, used 65375K [0x00000000c1a00000, 0x0000000100000000)
  region size 1024K, 11 young (11264K), 3 survivors (3072K)
 Metaspace       used 76597K, committed 77312K, reserved 1179648K
  class space    used 10576K, committed 10880K, reserved 1048576K
}
Event: 67.170 GC heap after
{Heap after GC invocations=32 (full 0):
 garbage-first heap   total reserved 1021952K, committed 97280K, used 64422K [0x00000000c1a00000, 0x0000000100000000)
  region size 1024K, 2 young (2048K), 2 survivors (2048K)
 Metaspace       used 76597K, committed 77312K, reserved 1179648K
  class space    used 10576K, committed 10880K, reserved 1048576K
}
Event: 69.890 GC heap before
{Heap before GC invocations=32 (full 0):
 garbage-first heap   total reserved 1021952K, committed 97280K, used 76710K [0x00000000c1a00000, 0x0000000100000000)
  region size 1024K, 15 young (15360K), 2 survivors (2048K)
 Metaspace       used 77059K, committed 77824K, reserved 1179648K
  class space    used 10668K, committed 11008K, reserved 1048576K
}
Event: 69.918 GC heap after
{Heap after GC invocations=33 (full 0):
 garbage-first heap   total reserved 1021952K, committed 97280K, used 75264K [0x00000000c1a00000, 0x0000000100000000)
  region size 1024K, 2 young (2048K), 2 survivors (2048K)
 Metaspace       used 77059K, committed 77824K, reserved 1179648K
  class space    used 10668K, committed 11008K, reserved 1048576K
}
Event: 71.273 GC heap before
{Heap before GC invocations=33 (full 0):
 garbage-first heap   total reserved 1021952K, committed 97280K, used 83456K [0x00000000c1a00000, 0x0000000100000000)
  region size 1024K, 10 young (10240K), 2 survivors (2048K)
 Metaspace       used 77463K, committed 78464K, reserved 1179648K
  class space    used 10781K, committed 11200K, reserved 1048576K
}
Event: 71.289 GC heap after
{Heap after GC invocations=34 (full 0):
 garbage-first heap   total reserved 1021952K, committed 97280K, used 81920K [0x00000000c1a00000, 0x0000000100000000)
  region size 1024K, 2 young (2048K), 2 survivors (2048K)
 Metaspace       used 77463K, committed 78464K, reserved 1179648K
  class space    used 10781K, committed 11200K, reserved 1048576K
}
Event: 71.607 GC heap before
{Heap before GC invocations=35 (full 0):
 garbage-first heap   total reserved 1021952K, committed 137216K, used 87040K [0x00000000c1a00000, 0x0000000100000000)
  region size 1024K, 7 young (7168K), 2 survivors (2048K)
 Metaspace       used 77775K, committed 78784K, reserved 1179648K
  class space    used 10889K, committed 11328K, reserved 1048576K
}
Event: 71.618 GC heap after
{Heap after GC invocations=36 (full 0):
 garbage-first heap   total reserved 1021952K, committed 137216K, used 84644K [0x00000000c1a00000, 0x0000000100000000)
  region size 1024K, 1 young (1024K), 1 survivors (1024K)
 Metaspace       used 77775K, committed 78784K, reserved 1179648K
  class space    used 10889K, committed 11328K, reserved 1048576K
}
Event: 74.127 GC heap before
{Heap before GC invocations=36 (full 0):
 garbage-first heap   total reserved 1021952K, committed 137216K, used 104100K [0x00000000c1a00000, 0x0000000100000000)
  region size 1024K, 21 young (21504K), 1 survivors (1024K)
 Metaspace       used 78792K, committed 79808K, reserved 1179648K
  class space    used 11166K, committed 11584K, reserved 1048576K
}
Event: 74.612 GC heap after
{Heap after GC invocations=37 (full 0):
 garbage-first heap   total reserved 1021952K, committed 137216K, used 90624K [0x00000000c1a00000, 0x0000000100000000)
  region size 1024K, 3 young (3072K), 3 survivors (3072K)
 Metaspace       used 78792K, committed 79808K, reserved 1179648K
  class space    used 11166K, committed 11584K, reserved 1048576K
}
Event: 74.736 GC heap before
{Heap before GC invocations=37 (full 0):
 garbage-first heap   total reserved 1021952K, committed 137216K, used 107008K [0x00000000c1a00000, 0x0000000100000000)
  region size 1024K, 19 young (19456K), 3 survivors (3072K)
 Metaspace       used 78825K, committed 79872K, reserved 1179648K
  class space    used 11167K, committed 11584K, reserved 1048576K
}

